#
# A fatal error has been detected by the Java Runtime Environment:
#
#  SIGSEGV (0xb) at pc=0x000000012902912f, pid=11393, tid=4867
#
# JRE version: Java(TM) SE Runtime Environment (8.0_20-b05) (build 1.8.0_20-ea-b05)
# Java VM: Java HotSpot(TM) 64-Bit Server VM (25.20-b05 mixed mode bsd-amd64 compressed oops)
# Problematic frame:
# C  [librxtxSerial.jnilib+0x312f]  Java_gnu_io_RXTXPort_interruptEventLoop+0x6b
#
# Failed to write core dump. Core dumps have been disabled. To enable core dumping, try "ulimit -c unlimited" before starting Java again
#
# If you would like to submit a bug report, please visit:
#   http://bugreport.sun.com/bugreport/crash.jsp
# The crash happened outside the Java Virtual Machine in native code.
# See problematic frame for where to report the bug.
#

---------------  T H R E A D  ---------------

Current thread (0x00007fb1db001800):  JavaThread "main" [_thread_in_native, id=4867, stack(0x000000010b2c9000,0x000000010b3c9000)]

siginfo:si_signo=SIGSEGV: si_errno=0, si_code=1 (SEGV_MAPERR), si_addr=0x0000000129134868

Registers:
RAX=0x0000000000000000, RBX=0x0000000129134700, RCX=0x00007fff8d56448a, RDX=0xffffffffffffffff
RSP=0x000000010b3c8760, RBP=0x000000010b3c8770, RSI=0x0000000000000000, RDI=0x000000000000003c
R8 =0x0000000000000000, R9 =0x0000000002faf080, R10=0x0000000000000001, R11=0x0000000000000247
R12=0x0000000000000010, R13=0x0000000124968018, R14=0x000000010b3c87e8, R15=0x00007fb1db001800
RIP=0x000000012902912f, EFLAGS=0x0000000000010206, ERR=0x0000000000000004
  TRAPNO=0x000000000000000e

Top of Stack: (sp=0x000000010b3c8760)
0x000000010b3c8760:   0000000124968018 0000000000000000
0x000000010b3c8770:   000000010b3c87c8 000000010b3f266e
0x000000010b3c8780:   000000010b3f23bc 000000010b3c8788
0x000000010b3c8790:   0000000124968018 000000010b3c87e8
0x000000010b3c87a0:   0000000124973380 0000000000000000
0x000000010b3c87b0:   0000000124968018 0000000000000000
0x000000010b3c87c0:   000000010b3c87e8 000000010b3c8830
0x000000010b3c87d0:   000000010b3e52e0 0000000000000000
0x000000010b3c87e0:   000000010b3ecc18 000000076ab63598
0x000000010b3c87f0:   000000010b3c87f0 00000001249684bf
0x000000010b3c8800:   000000010b3c8848 0000000124973380
0x000000010b3c8810:   0000000000000000 0000000124968550
0x000000010b3c8820:   000000010b3c87e8 000000010b3c8848
0x000000010b3c8830:   000000010b3c88a0 000000010b3e52e0
0x000000010b3c8840:   0000000000000000 000000076ab63598
0x000000010b3c8850:   0000000000000001 000000076ab63598
0x000000010b3c8860:   000000010b3c8850 0000000124968f2c
0x000000010b3c8870:   000000010b3c88b8 0000000124973380
0x000000010b3c8880:   0000000000000000 0000000124968f68
0x000000010b3c8890:   000000010b3c8848 000000010b3c88b8
0x000000010b3c88a0:   000000010b3c8900 000000010b3e52e0
0x000000010b3c88b0:   0000000000000000 000000076ab63598
0x000000010b3c88c0:   000000010b3c88c0 000000012495d6b2
0x000000010b3c88d0:   000000010b3c8948 000000012495d870
0x000000010b3c88e0:   0000000000000000 000000012495d6d8
0x000000010b3c88f0:   000000010b3c88b8 000000010b3c8948
0x000000010b3c8900:   000000010b3c89b0 000000010b3de4e7
0x000000010b3c8910:   000000076ab6b980 000000076ab6b640
0x000000010b3c8920:   000000076ab63b00 000000076ab638d0
0x000000010b3c8930:   0000000000002580 000000076ab41ab0
0x000000010b3c8940:   000000076ab63598 000000076ac81328
0x000000010b3c8950:   0000000100001fa0 000000000000000a 

Instructions: (pc=0x000000012902912f)
0x000000012902910f:   00 01 00 00 00 48 8b bb 78 01 00 00 be 06 00 00
0x000000012902911f:   00 e8 4d 27 00 00 bf 50 c3 00 00 e8 c7 27 00 00
0x000000012902912f:   83 bb 68 01 00 00 01 74 16 48 8b bb 78 01 00 00
0x000000012902913f:   e8 16 27 00 00 c7 83 68 01 00 00 01 00 00 00 5b 

Register to memory mapping:

RAX=0x0000000000000000 is an unknown value
RBX=0x0000000129134700 is an unknown value
RCX=0x00007fff8d56448a: __semwait_signal+0xa in /usr/lib/system/libsystem_kernel.dylib at 0x00007fff8d54e000
RDX=0xffffffffffffffff is an unknown value
RSP=0x000000010b3c8760 is pointing into the stack for thread: 0x00007fb1db001800
RBP=0x000000010b3c8770 is pointing into the stack for thread: 0x00007fb1db001800
RSI=0x0000000000000000 is an unknown value
RDI=0x000000000000003c is an unknown value
R8 =0x0000000000000000 is an unknown value
R9 =0x0000000002faf080 is an unknown value
R10=0x0000000000000001 is an unknown value
R11=0x0000000000000247 is an unknown value
R12=0x0000000000000010 is an unknown value
R13=0x0000000124968018 is pointing into metadata
R14=0x000000010b3c87e8 is pointing into the stack for thread: 0x00007fb1db001800
R15=0x00007fb1db001800 is a thread


Stack: [0x000000010b2c9000,0x000000010b3c9000],  sp=0x000000010b3c8760,  free space=1021k
Native frames: (J=compiled Java code, j=interpreted, Vv=VM code, C=native code)
C  [librxtxSerial.jnilib+0x312f]  Java_gnu_io_RXTXPort_interruptEventLoop+0x6b
j  gnu.io.RXTXPort.interruptEventLoop()V+0
j  gnu.io.RXTXPort.removeEventListener()V+55
j  gnu.io.RXTXPort.close()V+68
j  Msg.main([Ljava/lang/String;)V+138
v  ~StubRoutines::call_stub
V  [libjvm.dylib+0x2c504e]  JavaCalls::call_helper(JavaValue*, methodHandle*, JavaCallArguments*, Thread*)+0x6ae
V  [libjvm.dylib+0x2f9e88]  jni_invoke_static(JNIEnv_*, JavaValue*, _jobject*, JNICallType, _jmethodID*, JNI_ArgumentPusher*, Thread*)+0x1bf
V  [libjvm.dylib+0x2f30d1]  jni_CallStaticVoidMethod+0x15d
C  [java+0x2c89]  JavaMain+0x998
C  [libsystem_pthread.dylib+0x3268]  _pthread_body+0x83
C  [libsystem_pthread.dylib+0x31e5]  _pthread_body+0x0
C  [libsystem_pthread.dylib+0x141d]  thread_start+0xd

Java frames: (J=compiled Java code, j=interpreted, Vv=VM code)
j  gnu.io.RXTXPort.interruptEventLoop()V+0
j  gnu.io.RXTXPort.removeEventListener()V+55
j  gnu.io.RXTXPort.close()V+68
j  Msg.main([Ljava/lang/String;)V+138
v  ~StubRoutines::call_stub

---------------  P R O C E S S  ---------------

Java Threads: ( => current thread )
  0x00007fb1d905f800 JavaThread "Service Thread" daemon [_thread_blocked, id=20739, stack(0x0000000128de3000,0x0000000128ee3000)]
  0x00007fb1da030800 JavaThread "C1 CompilerThread3" daemon [_thread_blocked, id=20227, stack(0x0000000128ce0000,0x0000000128de0000)]
  0x00007fb1da028000 JavaThread "C2 CompilerThread2" daemon [_thread_blocked, id=19715, stack(0x0000000128bdd000,0x0000000128cdd000)]
  0x00007fb1da027000 JavaThread "C2 CompilerThread1" daemon [_thread_blocked, id=19203, stack(0x0000000128ada000,0x0000000128bda000)]
  0x00007fb1d9046800 JavaThread "C2 CompilerThread0" daemon [_thread_blocked, id=18691, stack(0x00000001289d7000,0x0000000128ad7000)]
  0x00007fb1d9053800 JavaThread "Signal Dispatcher" daemon [_thread_blocked, id=14611, stack(0x00000001288d4000,0x00000001289d4000)]
  0x00007fb1da005800 JavaThread "Finalizer" daemon [_thread_blocked, id=13571, stack(0x0000000126eaf000,0x0000000126faf000)]
  0x00007fb1db804000 JavaThread "Reference Handler" daemon [_thread_blocked, id=13059, stack(0x0000000126dac000,0x0000000126eac000)]
=>0x00007fb1db001800 JavaThread "main" [_thread_in_native, id=4867, stack(0x000000010b2c9000,0x000000010b3c9000)]

Other Threads:
  0x00007fb1d9033800 VMThread [stack: 0x0000000126ca9000,0x0000000126da9000] [id=12547]
  0x00007fb1d9054800 WatcherThread [stack: 0x0000000128ee6000,0x0000000128fe6000] [id=21251]

VM state:not at safepoint (normal execution)

VM Mutex/Monitor currently owned by a thread: None

Heap:
 PSYoungGen      total 1536K, used 956K [0x000000076ab00000, 0x000000076ad00000, 0x00000007c0000000)
  eden space 1024K, 43% used [0x000000076ab00000,0x000000076ab6f1d8,0x000000076ac00000)
  from space 512K, 100% used [0x000000076ac80000,0x000000076ad00000,0x000000076ad00000)
  to   space 512K, 0% used [0x000000076ac00000,0x000000076ac00000,0x000000076ac80000)
 ParOldGen       total 260608K, used 80K [0x00000006c0000000, 0x00000006cfe80000, 0x000000076ab00000)
  object space 260608K, 0% used [0x00000006c0000000,0x00000006c0014000,0x00000006cfe80000)
 Metaspace       used 2995K, capacity 4664K, committed 4864K, reserved 1056768K
  class space    used 324K, capacity 424K, committed 512K, reserved 1048576K

Card table byte_map: [0x000000011a79e000,0x000000011af9f000] byte_map_base: 0x000000011719e000

Marking Bits: (ParMarkBitMap*) 0x000000010ac68820
 Begin Bits: [0x000000011bd0d000, 0x000000011fd0d000)
 End Bits:   [0x000000011fd0d000, 0x0000000123d0d000)

Polling page: 0x000000010b3cb000

CodeCache: size=245760Kb used=1225Kb max_used=1225Kb free=244534Kb
 bounds [0x000000010b3de000, 0x000000010b64e000, 0x000000011a3de000]
 total_blobs=316 nmethods=81 adapters=151
 compilation: enabled

Compilation events (10 events):
Event: 0.086 Thread 0x00007fb1da030800   77       3       java.lang.String::lastIndexOf (13 bytes)
Event: 0.086 Thread 0x00007fb1da030800 nmethod 77 0x000000010b50d150 code [0x000000010b50d2c0, 0x000000010b50d4c8]
Event: 0.086 Thread 0x00007fb1da030800   78       3       java.lang.String::getBytes (27 bytes)
Event: 0.086 Thread 0x00007fb1da030800 nmethod 78 0x000000010b50d590 code [0x000000010b50d700, 0x000000010b50d978]
Event: 0.086 Thread 0x00007fb1da030800   79   !   3       java.lang.StringCoding::encode (120 bytes)
Event: 0.087 Thread 0x00007fb1da030800 nmethod 79 0x000000010b50da90 code [0x000000010b50dde0, 0x000000010b50f618]
Event: 0.093 Thread 0x00007fb1da030800   80       3       java.util.zip.ZStreamRef::address (5 bytes)
Event: 0.093 Thread 0x00007fb1da030800 nmethod 80 0x000000010b510490 code [0x000000010b5105e0, 0x000000010b510730]
Event: 0.101 Thread 0x00007fb1da030800   81       1       java.nio.Buffer::limit (5 bytes)
Event: 0.102 Thread 0x00007fb1da030800 nmethod 81 0x000000010b510790 code [0x000000010b5108e0, 0x000000010b5109f0]

GC Heap History (4 events):
Event: 0.059 GC heap before
{Heap before GC invocations=1 (full 0):
 PSYoungGen      total 1024K, used 512K [0x000000076ab00000, 0x000000076ac80000, 0x00000007c0000000)
  eden space 512K, 100% used [0x000000076ab00000,0x000000076ab80000,0x000000076ab80000)
  from space 512K, 0% used [0x000000076ac00000,0x000000076ac00000,0x000000076ac80000)
  to   space 512K, 0% used [0x000000076ab80000,0x000000076ab80000,0x000000076ac00000)
 ParOldGen       total 260608K, used 0K [0x00000006c0000000, 0x00000006cfe80000, 0x000000076ab00000)
  object space 260608K, 0% used [0x00000006c0000000,0x00000006c0000000,0x00000006cfe80000)
 Metaspace       used 2485K, capacity 4480K, committed 4480K, reserved 1056768K
  class space    used 268K, capacity 384K, committed 384K, reserved 1048576K
Event: 0.060 GC heap after
Heap after GC invocations=1 (full 0):
 PSYoungGen      total 1024K, used 512K [0x000000076ab00000, 0x000000076ad00000, 0x00000007c0000000)
  eden space 512K, 0% used [0x000000076ab00000,0x000000076ab00000,0x000000076ab80000)
  from space 512K, 100% used [0x000000076ab80000,0x000000076ac00000,0x000000076ac00000)
  to   space 512K, 0% used [0x000000076ac80000,0x000000076ac80000,0x000000076ad00000)
 ParOldGen       total 260608K, used 8K [0x00000006c0000000, 0x00000006cfe80000, 0x000000076ab00000)
  object space 260608K, 0% used [0x00000006c0000000,0x00000006c0002000,0x00000006cfe80000)
 Metaspace       used 2485K, capacity 4480K, committed 4480K, reserved 1056768K
  class space    used 268K, capacity 384K, committed 384K, reserved 1048576K
}
Event: 0.076 GC heap before
{Heap before GC invocations=2 (full 0):
 PSYoungGen      total 1024K, used 1024K [0x000000076ab00000, 0x000000076ad00000, 0x00000007c0000000)
  eden space 512K, 100% used [0x000000076ab00000,0x000000076ab80000,0x000000076ab80000)
  from space 512K, 100% used [0x000000076ab80000,0x000000076ac00000,0x000000076ac00000)
  to   space 512K, 0% used [0x000000076ac80000,0x000000076ac80000,0x000000076ad00000)
 ParOldGen       total 260608K, used 8K [0x00000006c0000000, 0x00000006cfe80000, 0x000000076ab00000)
  object space 260608K, 0% used [0x00000006c0000000,0x00000006c0002000,0x00000006cfe80000)
 Metaspace       used 2837K, capacity 4494K, committed 4864K, reserved 1056768K
  class space    used 306K, capacity 386K, committed 512K, reserved 1048576K
Event: 0.076 GC heap after
Heap after GC invocations=2 (full 0):
 PSYoungGen      total 1536K, used 512K [0x000000076ab00000, 0x000000076ad00000, 0x00000007c0000000)
  eden space 1024K, 0% used [0x000000076ab00000,0x000000076ab00000,0x000000076ac00000)
  from space 512K, 100% used [0x000000076ac80000,0x000000076ad00000,0x000000076ad00000)
  to   space 512K, 0% used [0x000000076ac00000,0x000000076ac00000,0x000000076ac80000)
 ParOldGen       total 260608K, used 80K [0x00000006c0000000, 0x00000006cfe80000, 0x000000076ab00000)
  object space 260608K, 0% used [0x00000006c0000000,0x00000006c0014000,0x00000006cfe80000)
 Metaspace       used 2837K, capacity 4494K, committed 4864K, reserved 1056768K
  class space    used 306K, capacity 386K, committed 512K, reserved 1048576K
}

Deoptimization events (0 events):
No events

Internal exceptions (10 events):
Event: 0.080 Thread 0x00007fb1db001800 Exception <a 'java/security/PrivilegedActionException'> (0x000000076ab29cc8) thrown at [/HUDSON/workspace/8-2-build-macosx-x86_64/jdk8u20/2381/hotspot/src/share/vm/prims/jvm.cpp, line 1254]
Event: 0.080 Thread 0x00007fb1db001800 Exception <a 'java/security/PrivilegedActionException'> (0x000000076ab30210) thrown at [/HUDSON/workspace/8-2-build-macosx-x86_64/jdk8u20/2381/hotspot/src/share/vm/prims/jvm.cpp, line 1254]
Event: 0.081 Thread 0x00007fb1db001800 Exception <a 'java/security/PrivilegedActionException'> (0x000000076ab383c0) thrown at [/HUDSON/workspace/8-2-build-macosx-x86_64/jdk8u20/2381/hotspot/src/share/vm/prims/jvm.cpp, line 1254]
Event: 0.083 Thread 0x00007fb1db001800 Exception <a 'java/io/FileNotFoundException'> (0x000000076ab408a0) thrown at [/HUDSON/workspace/8-2-build-macosx-x86_64/jdk8u20/2381/hotspot/src/share/vm/prims/jni.cpp, line 716]
Event: 0.083 Thread 0x00007fb1db001800 Exception <a 'java/io/FileNotFoundException'> (0x000000076ab42ee8) thrown at [/HUDSON/workspace/8-2-build-macosx-x86_64/jdk8u20/2381/hotspot/src/share/vm/prims/jni.cpp, line 716]
Event: 0.084 Thread 0x00007fb1db001800 Exception <a 'java/security/PrivilegedActionException'> (0x000000076ab4f578) thrown at [/HUDSON/workspace/8-2-build-macosx-x86_64/jdk8u20/2381/hotspot/src/share/vm/prims/jvm.cpp, line 1254]
Event: 0.085 Thread 0x00007fb1db001800 Exception <a 'java/security/PrivilegedActionException'> (0x000000076ab540b8) thrown at [/HUDSON/workspace/8-2-build-macosx-x86_64/jdk8u20/2381/hotspot/src/share/vm/prims/jvm.cpp, line 1254]
Event: 0.085 Thread 0x00007fb1db001800 Exception <a 'java/security/PrivilegedActionException'> (0x000000076ab584c0) thrown at [/HUDSON/workspace/8-2-build-macosx-x86_64/jdk8u20/2381/hotspot/src/share/vm/prims/jvm.cpp, line 1254]
Event: 0.086 Thread 0x00007fb1db001800 Exception <a 'java/security/PrivilegedActionException'> (0x000000076ab5d070) thrown at [/HUDSON/workspace/8-2-build-macosx-x86_64/jdk8u20/2381/hotspot/src/share/vm/prims/jvm.cpp, line 1254]
Event: 0.093 Thread 0x00007fb1db001800 Exception <a 'java/security/PrivilegedActionException'> (0x000000076ab64e98) thrown at [/HUDSON/workspace/8-2-build-macosx-x86_64/jdk8u20/2381/hotspot/src/share/vm/prims/jvm.cpp, line 1254]

Events (10 events):
Event: 0.086 loading class gnu/io/UnSupportedLoggerException
Event: 0.086 loading class gnu/io/UnSupportedLoggerException done
Event: 0.086 loading class java/lang/NumberFormatException
Event: 0.086 loading class java/lang/NumberFormatException done
Event: 0.086 loading class java/lang/IndexOutOfBoundsException
Event: 0.086 loading class java/lang/IndexOutOfBoundsException done
Event: 0.093 loading class gnu/io/RXTXPort$MonitorThread
Event: 0.093 loading class gnu/io/RXTXPort$MonitorThread done
Event: 0.093 Thread 0x00007fb1d9048800 Thread added: 0x00007fb1d9048800
Event: 0.103 Thread 0x00007fb1d9048800 Thread exited: 0x00007fb1d9048800


Dynamic libraries:
0x000000000bf2b000 	/System/Library/Frameworks/Cocoa.framework/Versions/A/Cocoa
0x000000000bf2b000 	/System/Library/Frameworks/Security.framework/Versions/A/Security
0x000000000bf2b000 	/System/Library/Frameworks/ApplicationServices.framework/Versions/A/ApplicationServices
0x000000000bf2b000 	/usr/lib/libz.1.dylib
0x000000000bf2b000 	/usr/lib/libSystem.B.dylib
0x000000000bf2b000 	/usr/lib/libobjc.A.dylib
0x000000000bf2b000 	/System/Library/Frameworks/CoreFoundation.framework/Versions/A/CoreFoundation
0x000000000bf2b000 	/System/Library/Frameworks/Foundation.framework/Versions/C/Foundation
0x000000000bf2b000 	/System/Library/Frameworks/AppKit.framework/Versions/C/AppKit
0x000000000bf2b000 	/System/Library/Frameworks/CoreData.framework/Versions/A/CoreData
0x000000000bf2b000 	/System/Library/PrivateFrameworks/RemoteViewServices.framework/Versions/A/RemoteViewServices
0x000000000bf2b000 	/System/Library/PrivateFrameworks/UIFoundation.framework/Versions/A/UIFoundation
0x000000000bf2b000 	/System/Library/Frameworks/IOSurface.framework/Versions/A/IOSurface
0x000000000bf2b000 	/System/Library/Frameworks/AudioToolbox.framework/Versions/A/AudioToolbox
0x000000000bf2b000 	/System/Library/Frameworks/AudioUnit.framework/Versions/A/AudioUnit
0x000000000bf2b000 	/System/Library/PrivateFrameworks/DataDetectorsCore.framework/Versions/A/DataDetectorsCore
0x000000000bf2b000 	/System/Library/PrivateFrameworks/DesktopServicesPriv.framework/Versions/A/DesktopServicesPriv
0x000000000bf2b000 	/System/Library/Frameworks/Carbon.framework/Versions/A/Frameworks/HIToolbox.framework/Versions/A/HIToolbox
0x000000000bf2b000 	/System/Library/Frameworks/QuartzCore.framework/Versions/A/QuartzCore
0x000000000bf2b000 	/System/Library/Frameworks/Carbon.framework/Versions/A/Frameworks/SpeechRecognition.framework/Versions/A/SpeechRecognition
0x000000000bf2b000 	/usr/lib/libauto.dylib
0x000000000bf2b000 	/usr/lib/libicucore.A.dylib
0x000000000bf2b000 	/usr/lib/libxml2.2.dylib
0x000000000bf2b000 	/System/Library/PrivateFrameworks/CoreUI.framework/Versions/A/CoreUI
0x000000000bf2b000 	/System/Library/Frameworks/CoreAudio.framework/Versions/A/CoreAudio
0x000000000bf2b000 	/System/Library/Frameworks/DiskArbitration.framework/Versions/A/DiskArbitration
0x000000000bf2b000 	/usr/lib/liblangid.dylib
0x000000000bf2b000 	/System/Library/PrivateFrameworks/MultitouchSupport.framework/Versions/A/MultitouchSupport
0x000000000bf2b000 	/System/Library/Frameworks/IOKit.framework/Versions/A/IOKit
0x000000000bf2b000 	/usr/lib/libDiagnosticMessagesClient.dylib
0x000000000bf2b000 	/System/Library/Frameworks/CoreServices.framework/Versions/A/CoreServices
0x000000000bf2b000 	/System/Library/PrivateFrameworks/PerformanceAnalysis.framework/Versions/A/PerformanceAnalysis
0x000000000bf2b000 	/System/Library/PrivateFrameworks/GenerationalStorage.framework/Versions/A/GenerationalStorage
0x000000000bf2b000 	/System/Library/Frameworks/OpenGL.framework/Versions/A/OpenGL
0x000000000bf2b000 	/System/Library/PrivateFrameworks/Sharing.framework/Versions/A/Sharing
0x000000000bf2b000 	/System/Library/Frameworks/CoreGraphics.framework/Versions/A/CoreGraphics
0x000000000bf2b000 	/System/Library/Frameworks/CoreText.framework/Versions/A/CoreText
0x000000000bf2b000 	/System/Library/Frameworks/ImageIO.framework/Versions/A/ImageIO
0x000000000bf2b000 	/usr/lib/libextension.dylib
0x000000000bf2b000 	/System/Library/PrivateFrameworks/Backup.framework/Versions/A/Backup
0x000000000bf2b000 	/usr/lib/libarchive.2.dylib
0x000000000bf2b000 	/System/Library/Frameworks/CFNetwork.framework/Versions/A/CFNetwork
0x000000000bf2b000 	/System/Library/Frameworks/SystemConfiguration.framework/Versions/A/SystemConfiguration
0x000000000bf2b000 	/usr/lib/libCRFSuite.dylib
0x000000000bf2b000 	/usr/lib/libc++.1.dylib
0x000000000bf2b000 	/usr/lib/libc++abi.dylib
0x000000000bf2b000 	/usr/lib/system/libcache.dylib
0x000000000bf2b000 	/usr/lib/system/libcommonCrypto.dylib
0x000000000bf2b000 	/usr/lib/system/libcompiler_rt.dylib
0x000000000bf2b000 	/usr/lib/system/libcopyfile.dylib
0x000000000bf2b000 	/usr/lib/system/libcorecrypto.dylib
0x000000000bf2b000 	/usr/lib/system/libdispatch.dylib
0x000000000bf2b000 	/usr/lib/system/libdyld.dylib
0x000000000bf2b000 	/usr/lib/system/libkeymgr.dylib
0x000000000bf2b000 	/usr/lib/system/liblaunch.dylib
0x000000000bf2b000 	/usr/lib/system/libmacho.dylib
0x000000000bf2b000 	/usr/lib/system/libquarantine.dylib
0x000000000bf2b000 	/usr/lib/system/libremovefile.dylib
0x000000000bf2b000 	/usr/lib/system/libsystem_asl.dylib
0x000000000bf2b000 	/usr/lib/system/libsystem_blocks.dylib
0x000000000bf2b000 	/usr/lib/system/libsystem_c.dylib
0x000000000bf2b000 	/usr/lib/system/libsystem_configuration.dylib
0x000000000bf2b000 	/usr/lib/system/libsystem_coreservices.dylib
0x000000000bf2b000 	/usr/lib/system/libsystem_coretls.dylib
0x000000000bf2b000 	/usr/lib/system/libsystem_dnssd.dylib
0x000000000bf2b000 	/usr/lib/system/libsystem_info.dylib
0x000000000bf2b000 	/usr/lib/system/libsystem_kernel.dylib
0x000000000bf2b000 	/usr/lib/system/libsystem_m.dylib
0x000000000bf2b000 	/usr/lib/system/libsystem_malloc.dylib
0x000000000bf2b000 	/usr/lib/system/libsystem_network.dylib
0x000000000bf2b000 	/usr/lib/system/libsystem_networkextension.dylib
0x000000000bf2b000 	/usr/lib/system/libsystem_notify.dylib
0x000000000bf2b000 	/usr/lib/system/libsystem_platform.dylib
0x000000000bf2b000 	/usr/lib/system/libsystem_pthread.dylib
0x000000000bf2b000 	/usr/lib/system/libsystem_sandbox.dylib
0x000000000bf2b000 	/usr/lib/system/libsystem_secinit.dylib
0x000000000bf2b000 	/usr/lib/system/libsystem_stats.dylib
0x000000000bf2b000 	/usr/lib/system/libsystem_trace.dylib
0x000000000bf2b000 	/usr/lib/system/libunc.dylib
0x000000000bf2b000 	/usr/lib/system/libunwind.dylib
0x000000000bf2b000 	/usr/lib/system/libxpc.dylib
0x000000000bf2b000 	/usr/lib/libbz2.1.0.dylib
0x000000000bf2b000 	/usr/lib/liblzma.5.dylib
0x000000000bf2b000 	/usr/lib/libbsm.0.dylib
0x000000000bf2b000 	/usr/lib/libsqlite3.dylib
0x000000000bf2b000 	/usr/lib/system/libkxld.dylib
0x000000000bf2b000 	/usr/lib/libxar.1.dylib
0x000000000bf2b000 	/usr/lib/libpam.2.dylib
0x000000000bf2b000 	/usr/lib/libOpenScriptingUtil.dylib
0x000000000bf2b000 	/System/Library/Frameworks/CoreServices.framework/Versions/A/Frameworks/FSEvents.framework/Versions/A/FSEvents
0x000000000bf2b000 	/System/Library/Frameworks/CoreServices.framework/Versions/A/Frameworks/CarbonCore.framework/Versions/A/CarbonCore
0x000000000bf2b000 	/System/Library/Frameworks/CoreServices.framework/Versions/A/Frameworks/Metadata.framework/Versions/A/Metadata
0x000000000bf2b000 	/System/Library/Frameworks/CoreServices.framework/Versions/A/Frameworks/OSServices.framework/Versions/A/OSServices
0x000000000bf2b000 	/System/Library/Frameworks/CoreServices.framework/Versions/A/Frameworks/SearchKit.framework/Versions/A/SearchKit
0x000000000bf2b000 	/System/Library/Frameworks/CoreServices.framework/Versions/A/Frameworks/AE.framework/Versions/A/AE
0x000000000bf2b000 	/System/Library/Frameworks/CoreServices.framework/Versions/A/Frameworks/LaunchServices.framework/Versions/A/LaunchServices
0x000000000bf2b000 	/System/Library/Frameworks/CoreServices.framework/Versions/A/Frameworks/DictionaryServices.framework/Versions/A/DictionaryServices
0x000000000bf2b000 	/System/Library/Frameworks/NetFS.framework/Versions/A/NetFS
0x000000000bf2b000 	/System/Library/PrivateFrameworks/NetAuth.framework/Versions/A/NetAuth
0x000000000bf2b000 	/System/Library/PrivateFrameworks/login.framework/Versions/A/Frameworks/loginsupport.framework/Versions/A/loginsupport
0x000000000bf2b000 	/System/Library/PrivateFrameworks/TCC.framework/Versions/A/TCC
0x000000000bf2b000 	/usr/lib/libmecabra.dylib
0x000000000bf2b000 	/System/Library/Frameworks/ApplicationServices.framework/Versions/A/Frameworks/ATS.framework/Versions/A/ATS
0x000000000bf2b000 	/System/Library/Frameworks/ApplicationServices.framework/Versions/A/Frameworks/ColorSync.framework/Versions/A/ColorSync
0x000000000bf2b000 	/System/Library/Frameworks/ApplicationServices.framework/Versions/A/Frameworks/HIServices.framework/Versions/A/HIServices
0x000000000bf2b000 	/System/Library/Frameworks/ApplicationServices.framework/Versions/A/Frameworks/LangAnalysis.framework/Versions/A/LangAnalysis
0x000000000bf2b000 	/System/Library/Frameworks/ApplicationServices.framework/Versions/A/Frameworks/PrintCore.framework/Versions/A/PrintCore
0x000000000bf2b000 	/System/Library/Frameworks/ApplicationServices.framework/Versions/A/Frameworks/QD.framework/Versions/A/QD
0x000000000bf2b000 	/System/Library/Frameworks/ApplicationServices.framework/Versions/A/Frameworks/SpeechSynthesis.framework/Versions/A/SpeechSynthesis
0x000000000bf2b000 	/System/Library/Frameworks/Accelerate.framework/Versions/A/Accelerate
0x000000000bf2b000 	/System/Library/Frameworks/Accelerate.framework/Versions/A/Frameworks/vImage.framework/Versions/A/vImage
0x000000000bf2b000 	/System/Library/Frameworks/Accelerate.framework/Versions/A/Frameworks/vecLib.framework/Versions/A/vecLib
0x000000000bf2b000 	/System/Library/Frameworks/Accelerate.framework/Versions/A/Frameworks/vecLib.framework/Versions/A/libvDSP.dylib
0x000000000bf2b000 	/System/Library/Frameworks/Accelerate.framework/Versions/A/Frameworks/vecLib.framework/Versions/A/libvMisc.dylib
0x000000000bf2b000 	/System/Library/Frameworks/Accelerate.framework/Versions/A/Frameworks/vecLib.framework/Versions/A/libLAPACK.dylib
0x000000000bf2b000 	/System/Library/Frameworks/Accelerate.framework/Versions/A/Frameworks/vecLib.framework/Versions/A/libBLAS.dylib
0x000000000bf2b000 	/System/Library/Frameworks/Accelerate.framework/Versions/A/Frameworks/vecLib.framework/Versions/A/libLinearAlgebra.dylib
0x000000000bf2b000 	/System/Library/Frameworks/ApplicationServices.framework/Versions/A/Frameworks/ATS.framework/Versions/A/Resources/libFontParser.dylib
0x000000000bf2b000 	/System/Library/Frameworks/ApplicationServices.framework/Versions/A/Frameworks/ATS.framework/Versions/A/Resources/libFontRegistry.dylib
0x000000000bf2b000 	/System/Library/PrivateFrameworks/AppleVPA.framework/Versions/A/AppleVPA
0x000000000bf2b000 	/System/Library/PrivateFrameworks/AppleJPEG.framework/Versions/A/AppleJPEG
0x000000000bf2b000 	/System/Library/Frameworks/ImageIO.framework/Versions/A/Resources/libJPEG.dylib
0x000000000bf2b000 	/System/Library/Frameworks/ImageIO.framework/Versions/A/Resources/libTIFF.dylib
0x000000000bf2b000 	/System/Library/Frameworks/ImageIO.framework/Versions/A/Resources/libPng.dylib
0x000000000bf2b000 	/System/Library/Frameworks/ImageIO.framework/Versions/A/Resources/libGIF.dylib
0x000000000bf2b000 	/System/Library/Frameworks/ImageIO.framework/Versions/A/Resources/libJP2.dylib
0x000000000bf2b000 	/System/Library/Frameworks/ImageIO.framework/Versions/A/Resources/libRadiance.dylib
0x000000000bf2b000 	/System/Library/Frameworks/CoreVideo.framework/Versions/A/CoreVideo
0x000000000bf2b000 	/System/Library/Frameworks/OpenGL.framework/Versions/A/Libraries/libGLU.dylib
0x000000000bf2b000 	/System/Library/Frameworks/OpenGL.framework/Versions/A/Libraries/libGFXShared.dylib
0x000000000bf2b000 	/System/Library/Frameworks/OpenGL.framework/Versions/A/Libraries/libGL.dylib
0x000000000bf2b000 	/System/Library/Frameworks/OpenGL.framework/Versions/A/Libraries/libGLImage.dylib
0x000000000bf2b000 	/System/Library/Frameworks/OpenGL.framework/Versions/A/Libraries/libCVMSPluginSupport.dylib
0x000000000bf2b000 	/System/Library/Frameworks/OpenGL.framework/Versions/A/Libraries/libCoreVMClient.dylib
0x000000000bf2b000 	/usr/lib/libcups.2.dylib
0x000000000bf2b000 	/System/Library/Frameworks/Kerberos.framework/Versions/A/Kerberos
0x000000000bf2b000 	/System/Library/Frameworks/GSS.framework/Versions/A/GSS
0x000000000bf2b000 	/usr/lib/libresolv.9.dylib
0x000000000bf2b000 	/usr/lib/libiconv.2.dylib
0x000000000bf2b000 	/System/Library/PrivateFrameworks/Heimdal.framework/Versions/A/Heimdal
0x000000000bf2b000 	/usr/lib/libheimdal-asn1.dylib
0x000000000bf2b000 	/System/Library/Frameworks/OpenDirectory.framework/Versions/A/OpenDirectory
0x000000000bf2b000 	/System/Library/PrivateFrameworks/CommonAuth.framework/Versions/A/CommonAuth
0x000000000bf2b000 	/System/Library/Frameworks/OpenDirectory.framework/Versions/A/Frameworks/CFOpenDirectory.framework/Versions/A/CFOpenDirectory
0x000000000bf2b000 	/System/Library/Frameworks/SecurityFoundation.framework/Versions/A/SecurityFoundation
0x000000000bf2b000 	/System/Library/PrivateFrameworks/LanguageModeling.framework/Versions/A/LanguageModeling
0x000000000bf2b000 	/usr/lib/libcmph.dylib
0x000000000bf2b000 	/System/Library/Frameworks/ServiceManagement.framework/Versions/A/ServiceManagement
0x000000000bf2b000 	/usr/lib/libxslt.1.dylib
0x000000000bf2b000 	/System/Library/Frameworks/Carbon.framework/Versions/A/Frameworks/Ink.framework/Versions/A/Ink
0x000000000bf2b000 	/System/Library/Frameworks/QuartzCore.framework/Versions/A/Frameworks/CoreImage.framework/Versions/A/CoreImage
0x000000000bf2b000 	/System/Library/PrivateFrameworks/CrashReporterSupport.framework/Versions/A/CrashReporterSupport
0x000000000bf2b000 	/System/Library/Frameworks/OpenCL.framework/Versions/A/OpenCL
0x000000000bf2b000 	/System/Library/PrivateFrameworks/FaceCore.framework/Versions/A/FaceCore
0x000000000bf2b000 	/System/Library/PrivateFrameworks/Ubiquity.framework/Versions/A/Ubiquity
0x000000000bf2b000 	/System/Library/PrivateFrameworks/IconServices.framework/Versions/A/IconServices
0x000000000bf2b000 	/System/Library/PrivateFrameworks/ChunkingLibrary.framework/Versions/A/ChunkingLibrary
0x000000000bf2b000 	/System/Library/PrivateFrameworks/Apple80211.framework/Versions/A/Apple80211
0x000000000bf2b000 	/System/Library/Frameworks/CoreWLAN.framework/Versions/A/CoreWLAN
0x000000000bf2b000 	/System/Library/Frameworks/IOBluetooth.framework/Versions/A/IOBluetooth
0x000000000bf2b000 	/System/Library/PrivateFrameworks/CoreWiFi.framework/Versions/A/CoreWiFi
0x000000000bf2b000 	/System/Library/Frameworks/CoreBluetooth.framework/Versions/A/CoreBluetooth
0x000000000bf2b000 	/System/Library/PrivateFrameworks/DebugSymbols.framework/Versions/A/DebugSymbols
0x000000000bf2b000 	/System/Library/PrivateFrameworks/CoreSymbolication.framework/Versions/A/CoreSymbolication
0x000000000bf2b000 	/System/Library/PrivateFrameworks/Symbolication.framework/Versions/A/Symbolication
0x000000000bf2b000 	/System/Library/PrivateFrameworks/SpeechRecognitionCore.framework/Versions/A/SpeechRecognitionCore
0x000000010a400000 	/Library/Java/JavaVirtualMachines/jdk1.8.0_20.jdk/Contents/Home/jre/lib/server/libjvm.dylib
0x000000000bf2b000 	/usr/lib/libstdc++.6.dylib
0x00000001093be000 	/Library/Java/JavaVirtualMachines/jdk1.8.0_20.jdk/Contents/Home/jre/lib/libverify.dylib
0x00000001093cc000 	/Library/Java/JavaVirtualMachines/jdk1.8.0_20.jdk/Contents/Home/jre/lib/libjava.dylib
0x000000010b3d5000 	/Library/Java/JavaVirtualMachines/jdk1.8.0_20.jdk/Contents/Home/jre/lib/libzip.dylib
0x0000000126fb1000 	/System/Library/Frameworks/JavaVM.framework/Frameworks/JavaRuntimeSupport.framework/JavaRuntimeSupport
0x0000000126fc9000 	/System/Library/Frameworks/JavaVM.framework/Versions/A/Frameworks/JavaNativeFoundation.framework/Versions/A/JavaNativeFoundation
0x0000000126fde000 	/System/Library/Frameworks/JavaVM.framework/Versions/A/JavaVM
0x000000000bf2b000 	/System/Library/Frameworks/Carbon.framework/Versions/A/Carbon
0x0000000126feb000 	/System/Library/PrivateFrameworks/JavaLaunching.framework/Versions/A/JavaLaunching
0x000000000bf2b000 	/System/Library/Frameworks/Carbon.framework/Versions/A/Frameworks/CommonPanels.framework/Versions/A/CommonPanels
0x000000000bf2b000 	/System/Library/Frameworks/Carbon.framework/Versions/A/Frameworks/Help.framework/Versions/A/Help
0x000000000bf2b000 	/System/Library/Frameworks/Carbon.framework/Versions/A/Frameworks/ImageCapture.framework/Versions/A/ImageCapture
0x000000000bf2b000 	/System/Library/Frameworks/Carbon.framework/Versions/A/Frameworks/OpenScripting.framework/Versions/A/OpenScripting
0x000000000bf2b000 	/System/Library/Frameworks/Carbon.framework/Versions/A/Frameworks/Print.framework/Versions/A/Print
0x000000000bf2b000 	/System/Library/Frameworks/Carbon.framework/Versions/A/Frameworks/SecurityHI.framework/Versions/A/SecurityHI
0x0000000129026000 	/Users/folkol/code/slskylten/librxtxSerial.jnilib

VM Arguments:
java_command: Msg
java_class_path (initial): .:RXTXcomm.jar
Launcher Type: SUN_STANDARD

Environment Variables:
JAVA_HOME=/Library/Java/JavaVirtualMachines/jdk1.8.0_20.jdk/Contents/Home
PATH=/opt/local/bin:/opt/local/sbin:/usr/local/bin:/usr/bin/wget:/usr/local/apache-maven/apache-maven-2.2.1/bin/mvn:/usr/local/sbin:/usr/local/bin:/usr/bin:/bin:/usr/sbin:/sbin:/opt/X11/bin:/Users/folkol/bin/scripts:/Users/folkol/bin/polopoly:/Users/folkol/bin:/Applications/JD-GUI.app/Contents/MacOS
SHELL=/usr/local/bin/bash
DISPLAY=/private/tmp/com.apple.launchd.0AztydGQ0b/org.macosforge.xquartz:0

Signal Handlers:
SIGSEGV: [libjvm.dylib+0x56047b], sa_mask[0]=0xfffefeff, sa_flags=0x00000043
SIGBUS: [libjvm.dylib+0x56047b], sa_mask[0]=0xfffefeff, sa_flags=0x00000042
SIGFPE: [libjvm.dylib+0x442f54], sa_mask[0]=0xfffefeff, sa_flags=0x00000042
SIGPIPE: [libjvm.dylib+0x442f54], sa_mask[0]=0xfffefeff, sa_flags=0x00000042
SIGXFSZ: [libjvm.dylib+0x442f54], sa_mask[0]=0xfffefeff, sa_flags=0x00000042
SIGILL: [libjvm.dylib+0x442f54], sa_mask[0]=0xfffefeff, sa_flags=0x00000042
SIGUSR1: SIG_DFL, sa_mask[0]=0x00000000, sa_flags=0x00000000
SIGUSR2: [libjvm.dylib+0x442a72], sa_mask[0]=0x00000000, sa_flags=0x00000042
SIGHUP: [libjvm.dylib+0x440ded], sa_mask[0]=0xfffefeff, sa_flags=0x00000042
SIGINT: [libjvm.dylib+0x440ded], sa_mask[0]=0xfffefeff, sa_flags=0x00000042
SIGTERM: [libjvm.dylib+0x440ded], sa_mask[0]=0xfffefeff, sa_flags=0x00000042
SIGQUIT: [libjvm.dylib+0x440ded], sa_mask[0]=0xfffefeff, sa_flags=0x00000042


---------------  S Y S T E M  ---------------

OS:Bsduname:Darwin 14.3.0 Darwin Kernel Version 14.3.0: Mon Mar 23 11:59:05 PDT 2015; root:xnu-2782.20.48~5/RELEASE_X86_64 x86_64
rlimit: STACK 8192k, CORE 0k, NPROC 709, NOFILE 10240, AS infinity
load average:2.50 2.05 1.99

CPU:total 8 (4 cores per cpu, 2 threads per core) family 6 model 70 stepping 1, cmov, cx8, fxsr, mmx, sse, sse2, sse3, ssse3, sse4.1, sse4.2, popcnt, avx, avx2, aes, clmul, erms, ht, tsc, tscinvbit

Memory: 4k page, physical 16777216k(94260k free)

/proc/meminfo:


vm_info: Java HotSpot(TM) 64-Bit Server VM (25.20-b05) for bsd-amd64 JRE (1.8.0_20-ea-b05), built on Mar 12 2014 02:26:21 by "java_re" with gcc 4.2.1 (Based on Apple Inc. build 5658) (LLVM build 2336.11.00)

time: Wed Jul  8 15:25:19 2015
elapsed time: 0 seconds

