#
# A fatal error has been detected by the Java Runtime Environment:
#
#  SIGSEGV (0xb) at pc=0x000000012c91b12f, pid=11416, tid=4867
#
# JRE version: Java(TM) SE Runtime Environment (8.0_20-b05) (build 1.8.0_20-ea-b05)
# Java VM: Java HotSpot(TM) 64-Bit Server VM (25.20-b05 mixed mode bsd-amd64 compressed oops)
# Problematic frame:
# C  [librxtxSerial.jnilib+0x312f]  Java_gnu_io_RXTXPort_interruptEventLoop+0x6b
#
# Failed to write core dump. Core dumps have been disabled. To enable core dumping, try "ulimit -c unlimited" before starting Java again
#
# If you would like to submit a bug report, please visit:
#   http://bugreport.sun.com/bugreport/crash.jsp
# The crash happened outside the Java Virtual Machine in native code.
# See problematic frame for where to report the bug.
#

---------------  T H R E A D  ---------------

Current thread (0x00007f8e1a801000):  JavaThread "main" [_thread_in_native, id=4867, stack(0x000000010ccb1000,0x000000010cdb1000)]

siginfo:si_signo=SIGSEGV: si_errno=0, si_code=1 (SEGV_MAPERR), si_addr=0x000000012ca26868

Registers:
RAX=0x0000000000000000, RBX=0x000000012ca26700, RCX=0x00007fff8d56448a, RDX=0xffffffffffffffff
RSP=0x000000010cdb0760, RBP=0x000000010cdb0770, RSI=0x0000000000000000, RDI=0x000000000000003c
R8 =0x0000000000000000, R9 =0x0000000002faf080, R10=0x0000000000000001, R11=0x0000000000000247
R12=0x0000000000000010, R13=0x000000012825b018, R14=0x000000010cdb07e8, R15=0x00007f8e1a801000
RIP=0x000000012c91b12f, EFLAGS=0x0000000000010206, ERR=0x0000000000000004
  TRAPNO=0x000000000000000e

Top of Stack: (sp=0x000000010cdb0760)
0x000000010cdb0760:   000000012825b018 0000000000000000
0x000000010cdb0770:   000000010cdb07c8 000000010ece566e
0x000000010cdb0780:   000000010ece53bc 000000010cdb0788
0x000000010cdb0790:   000000012825b018 000000010cdb07e8
0x000000010cdb07a0:   0000000128266380 0000000000000000
0x000000010cdb07b0:   000000012825b018 0000000000000000
0x000000010cdb07c0:   000000010cdb07e8 000000010cdb0830
0x000000010cdb07d0:   000000010ecd82e0 0000000000000000
0x000000010cdb07e0:   000000010ecdfc18 000000076ab63568
0x000000010cdb07f0:   000000010cdb07f0 000000012825b4bf
0x000000010cdb0800:   000000010cdb0848 0000000128266380
0x000000010cdb0810:   0000000000000000 000000012825b550
0x000000010cdb0820:   000000010cdb07e8 000000010cdb0848
0x000000010cdb0830:   000000010cdb08a0 000000010ecd82e0
0x000000010cdb0840:   0000000000000000 000000076ab63568
0x000000010cdb0850:   0000000000000001 000000076ab63568
0x000000010cdb0860:   000000010cdb0850 000000012825bf2c
0x000000010cdb0870:   000000010cdb08b8 0000000128266380
0x000000010cdb0880:   0000000000000000 000000012825bf68
0x000000010cdb0890:   000000010cdb0848 000000010cdb08b8
0x000000010cdb08a0:   000000010cdb0900 000000010ecd82e0
0x000000010cdb08b0:   0000000000000000 000000076ab63568
0x000000010cdb08c0:   000000010cdb08c0 000000012825072a
0x000000010cdb08d0:   000000010cdb0948 00000001282508e8
0x000000010cdb08e0:   0000000000000000 0000000128250750
0x000000010cdb08f0:   000000010cdb08b8 000000010cdb0948
0x000000010cdb0900:   000000010cdb09b0 000000010ecd14e7
0x000000010cdb0910:   000000076ab69038 000000076ab68cf8
0x000000010cdb0920:   000000076ab63ad0 000000076ab638a0
0x000000010cdb0930:   0000000000002580 000000076ab41b40
0x000000010cdb0940:   000000076ab63568 000000076ac812b8
0x000000010cdb0950:   0000000100001fa0 000000000000000a 

Instructions: (pc=0x000000012c91b12f)
0x000000012c91b10f:   00 01 00 00 00 48 8b bb 78 01 00 00 be 06 00 00
0x000000012c91b11f:   00 e8 4d 27 00 00 bf 50 c3 00 00 e8 c7 27 00 00
0x000000012c91b12f:   83 bb 68 01 00 00 01 74 16 48 8b bb 78 01 00 00
0x000000012c91b13f:   e8 16 27 00 00 c7 83 68 01 00 00 01 00 00 00 5b 

Register to memory mapping:

RAX=0x0000000000000000 is an unknown value
RBX=0x000000012ca26700 is an unknown value
RCX=0x00007fff8d56448a: __semwait_signal+0xa in /usr/lib/system/libsystem_kernel.dylib at 0x00007fff8d54e000
RDX=0xffffffffffffffff is an unknown value
RSP=0x000000010cdb0760 is pointing into the stack for thread: 0x00007f8e1a801000
RBP=0x000000010cdb0770 is pointing into the stack for thread: 0x00007f8e1a801000
RSI=0x0000000000000000 is an unknown value
RDI=0x000000000000003c is an unknown value
R8 =0x0000000000000000 is an unknown value
R9 =0x0000000002faf080 is an unknown value
R10=0x0000000000000001 is an unknown value
R11=0x0000000000000247 is an unknown value
R12=0x0000000000000010 is an unknown value
R13=0x000000012825b018 is pointing into metadata
R14=0x000000010cdb07e8 is pointing into the stack for thread: 0x00007f8e1a801000
R15=0x00007f8e1a801000 is a thread


Stack: [0x000000010ccb1000,0x000000010cdb1000],  sp=0x000000010cdb0760,  free space=1021k
Native frames: (J=compiled Java code, j=interpreted, Vv=VM code, C=native code)
C  [librxtxSerial.jnilib+0x312f]  Java_gnu_io_RXTXPort_interruptEventLoop+0x6b
j  gnu.io.RXTXPort.interruptEventLoop()V+0
j  gnu.io.RXTXPort.removeEventListener()V+55
j  gnu.io.RXTXPort.close()V+68
j  Msg.main([Ljava/lang/String;)V+154
v  ~StubRoutines::call_stub
V  [libjvm.dylib+0x2c504e]  JavaCalls::call_helper(JavaValue*, methodHandle*, JavaCallArguments*, Thread*)+0x6ae
V  [libjvm.dylib+0x2f9e88]  jni_invoke_static(JNIEnv_*, JavaValue*, _jobject*, JNICallType, _jmethodID*, JNI_ArgumentPusher*, Thread*)+0x1bf
V  [libjvm.dylib+0x2f30d1]  jni_CallStaticVoidMethod+0x15d
C  [java+0x2c89]  JavaMain+0x998
C  [libsystem_pthread.dylib+0x3268]  _pthread_body+0x83
C  [libsystem_pthread.dylib+0x31e5]  _pthread_body+0x0
C  [libsystem_pthread.dylib+0x141d]  thread_start+0xd

Java frames: (J=compiled Java code, j=interpreted, Vv=VM code)
j  gnu.io.RXTXPort.interruptEventLoop()V+0
j  gnu.io.RXTXPort.removeEventListener()V+55
j  gnu.io.RXTXPort.close()V+68
j  Msg.main([Ljava/lang/String;)V+154
v  ~StubRoutines::call_stub

---------------  P R O C E S S  ---------------

Java Threads: ( => current thread )
  0x00007f8e1b00d800 JavaThread "Service Thread" daemon [_thread_blocked, id=20739, stack(0x000000012c6d5000,0x000000012c7d5000)]
  0x00007f8e1a015000 JavaThread "C1 CompilerThread3" daemon [_thread_blocked, id=20227, stack(0x000000012c5d2000,0x000000012c6d2000)]
  0x00007f8e1b00d000 JavaThread "C2 CompilerThread2" daemon [_thread_blocked, id=19715, stack(0x000000012c4cf000,0x000000012c5cf000)]
  0x00007f8e1a811000 JavaThread "C2 CompilerThread1" daemon [_thread_blocked, id=19203, stack(0x000000012c3cc000,0x000000012c4cc000)]
  0x00007f8e1c089000 JavaThread "C2 CompilerThread0" daemon [_thread_blocked, id=18691, stack(0x000000012c2c9000,0x000000012c3c9000)]
  0x00007f8e1c02a800 JavaThread "Signal Dispatcher" daemon [_thread_blocked, id=14611, stack(0x000000012c1c6000,0x000000012c2c6000)]
  0x00007f8e1a810000 JavaThread "Finalizer" daemon [_thread_blocked, id=13571, stack(0x000000012a7a1000,0x000000012a8a1000)]
  0x00007f8e1c04f800 JavaThread "Reference Handler" daemon [_thread_blocked, id=13059, stack(0x000000012a69e000,0x000000012a79e000)]
=>0x00007f8e1a801000 JavaThread "main" [_thread_in_native, id=4867, stack(0x000000010ccb1000,0x000000010cdb1000)]

Other Threads:
  0x00007f8e1c04d000 VMThread [stack: 0x000000012a59b000,0x000000012a69b000] [id=12547]
  0x00007f8e1b00e800 WatcherThread [stack: 0x000000012c7d8000,0x000000012c8d8000] [id=21251]

VM state:not at safepoint (normal execution)

VM Mutex/Monitor currently owned by a thread: None

Heap:
 PSYoungGen      total 1536K, used 955K [0x000000076ab00000, 0x000000076ad00000, 0x00000007c0000000)
  eden space 1024K, 43% used [0x000000076ab00000,0x000000076ab6ee38,0x000000076ac00000)
  from space 512K, 100% used [0x000000076ac80000,0x000000076ad00000,0x000000076ad00000)
  to   space 512K, 0% used [0x000000076ac00000,0x000000076ac00000,0x000000076ac80000)
 ParOldGen       total 260608K, used 88K [0x00000006c0000000, 0x00000006cfe80000, 0x000000076ab00000)
  object space 260608K, 0% used [0x00000006c0000000,0x00000006c0016000,0x00000006cfe80000)
 Metaspace       used 2995K, capacity 4664K, committed 4864K, reserved 1056768K
  class space    used 324K, capacity 424K, committed 512K, reserved 1048576K

Card table byte_map: [0x000000011e091000,0x000000011e892000] byte_map_base: 0x000000011aa91000

Marking Bits: (ParMarkBitMap*) 0x000000010e668820
 Begin Bits: [0x000000011f600000, 0x0000000123600000)
 End Bits:   [0x0000000123600000, 0x0000000127600000)

Polling page: 0x000000010cdf5000

CodeCache: size=245760Kb used=1226Kb max_used=1226Kb free=244533Kb
 bounds [0x000000010ecd1000, 0x000000010ef41000, 0x000000011dcd1000]
 total_blobs=316 nmethods=81 adapters=151
 compilation: enabled

Compilation events (10 events):
Event: 0.080 Thread 0x00007f8e1a015000   77       3       java.lang.String::lastIndexOf (13 bytes)
Event: 0.080 Thread 0x00007f8e1a015000 nmethod 77 0x000000010ee00110 code [0x000000010ee00280, 0x000000010ee00488]
Event: 0.080 Thread 0x00007f8e1a015000   78       3       java.lang.String::getBytes (27 bytes)
Event: 0.080 Thread 0x00007f8e1a015000 nmethod 78 0x000000010ee00550 code [0x000000010ee006c0, 0x000000010ee00938]
Event: 0.080 Thread 0x00007f8e1a015000   79   !   3       java.lang.StringCoding::encode (120 bytes)
Event: 0.081 Thread 0x00007f8e1a015000 nmethod 79 0x000000010ee00a50 code [0x000000010ee00da0, 0x000000010ee025d8]
Event: 0.087 Thread 0x00007f8e1a015000   80       3       java.util.zip.ZStreamRef::address (5 bytes)
Event: 0.087 Thread 0x00007f8e1a015000 nmethod 80 0x000000010ee03450 code [0x000000010ee035a0, 0x000000010ee036f0]
Event: 0.096 Thread 0x00007f8e1a015000   81       1       java.nio.Buffer::limit (5 bytes)
Event: 0.096 Thread 0x00007f8e1a015000 nmethod 81 0x000000010ee03750 code [0x000000010ee038a0, 0x000000010ee039b0]

GC Heap History (4 events):
Event: 0.053 GC heap before
{Heap before GC invocations=1 (full 0):
 PSYoungGen      total 1024K, used 512K [0x000000076ab00000, 0x000000076ac80000, 0x00000007c0000000)
  eden space 512K, 100% used [0x000000076ab00000,0x000000076ab80000,0x000000076ab80000)
  from space 512K, 0% used [0x000000076ac00000,0x000000076ac00000,0x000000076ac80000)
  to   space 512K, 0% used [0x000000076ab80000,0x000000076ab80000,0x000000076ac00000)
 ParOldGen       total 260608K, used 0K [0x00000006c0000000, 0x00000006cfe80000, 0x000000076ab00000)
  object space 260608K, 0% used [0x00000006c0000000,0x00000006c0000000,0x00000006cfe80000)
 Metaspace       used 2485K, capacity 4480K, committed 4480K, reserved 1056768K
  class space    used 268K, capacity 384K, committed 384K, reserved 1048576K
Event: 0.054 GC heap after
Heap after GC invocations=1 (full 0):
 PSYoungGen      total 1024K, used 480K [0x000000076ab00000, 0x000000076ad00000, 0x00000007c0000000)
  eden space 512K, 0% used [0x000000076ab00000,0x000000076ab00000,0x000000076ab80000)
  from space 512K, 93% used [0x000000076ab80000,0x000000076abf8020,0x000000076ac00000)
  to   space 512K, 0% used [0x000000076ac80000,0x000000076ac80000,0x000000076ad00000)
 ParOldGen       total 260608K, used 16K [0x00000006c0000000, 0x00000006cfe80000, 0x000000076ab00000)
  object space 260608K, 0% used [0x00000006c0000000,0x00000006c0004000,0x00000006cfe80000)
 Metaspace       used 2485K, capacity 4480K, committed 4480K, reserved 1056768K
  class space    used 268K, capacity 384K, committed 384K, reserved 1048576K
}
Event: 0.070 GC heap before
{Heap before GC invocations=2 (full 0):
 PSYoungGen      total 1024K, used 992K [0x000000076ab00000, 0x000000076ad00000, 0x00000007c0000000)
  eden space 512K, 100% used [0x000000076ab00000,0x000000076ab80000,0x000000076ab80000)
  from space 512K, 93% used [0x000000076ab80000,0x000000076abf8020,0x000000076ac00000)
  to   space 512K, 0% used [0x000000076ac80000,0x000000076ac80000,0x000000076ad00000)
 ParOldGen       total 260608K, used 16K [0x00000006c0000000, 0x00000006cfe80000, 0x000000076ab00000)
  object space 260608K, 0% used [0x00000006c0000000,0x00000006c0004000,0x00000006cfe80000)
 Metaspace       used 2837K, capacity 4494K, committed 4864K, reserved 1056768K
  class space    used 306K, capacity 386K, committed 512K, reserved 1048576K
Event: 0.070 GC heap after
Heap after GC invocations=2 (full 0):
 PSYoungGen      total 1536K, used 512K [0x000000076ab00000, 0x000000076ad00000, 0x00000007c0000000)
  eden space 1024K, 0% used [0x000000076ab00000,0x000000076ab00000,0x000000076ac00000)
  from space 512K, 100% used [0x000000076ac80000,0x000000076ad00000,0x000000076ad00000)
  to   space 512K, 0% used [0x000000076ac00000,0x000000076ac00000,0x000000076ac80000)
 ParOldGen       total 260608K, used 88K [0x00000006c0000000, 0x00000006cfe80000, 0x000000076ab00000)
  object space 260608K, 0% used [0x00000006c0000000,0x00000006c0016000,0x00000006cfe80000)
 Metaspace       used 2837K, capacity 4494K, committed 4864K, reserved 1056768K
  class space    used 306K, capacity 386K, committed 512K, reserved 1048576K
}

Deoptimization events (0 events):
No events

Internal exceptions (10 events):
Event: 0.074 Thread 0x00007f8e1a801000 Exception <a 'java/security/PrivilegedActionException'> (0x000000076ab29d28) thrown at [/HUDSON/workspace/8-2-build-macosx-x86_64/jdk8u20/2381/hotspot/src/share/vm/prims/jvm.cpp, line 1254]
Event: 0.074 Thread 0x00007f8e1a801000 Exception <a 'java/security/PrivilegedActionException'> (0x000000076ab302d0) thrown at [/HUDSON/workspace/8-2-build-macosx-x86_64/jdk8u20/2381/hotspot/src/share/vm/prims/jvm.cpp, line 1254]
Event: 0.075 Thread 0x00007f8e1a801000 Exception <a 'java/security/PrivilegedActionException'> (0x000000076ab38440) thrown at [/HUDSON/workspace/8-2-build-macosx-x86_64/jdk8u20/2381/hotspot/src/share/vm/prims/jvm.cpp, line 1254]
Event: 0.077 Thread 0x00007f8e1a801000 Exception <a 'java/io/FileNotFoundException'> (0x000000076ab40930) thrown at [/HUDSON/workspace/8-2-build-macosx-x86_64/jdk8u20/2381/hotspot/src/share/vm/prims/jni.cpp, line 716]
Event: 0.077 Thread 0x00007f8e1a801000 Exception <a 'java/io/FileNotFoundException'> (0x000000076ab42f78) thrown at [/HUDSON/workspace/8-2-build-macosx-x86_64/jdk8u20/2381/hotspot/src/share/vm/prims/jni.cpp, line 716]
Event: 0.078 Thread 0x00007f8e1a801000 Exception <a 'java/security/PrivilegedActionException'> (0x000000076ab4f580) thrown at [/HUDSON/workspace/8-2-build-macosx-x86_64/jdk8u20/2381/hotspot/src/share/vm/prims/jvm.cpp, line 1254]
Event: 0.079 Thread 0x00007f8e1a801000 Exception <a 'java/security/PrivilegedActionException'> (0x000000076ab54060) thrown at [/HUDSON/workspace/8-2-build-macosx-x86_64/jdk8u20/2381/hotspot/src/share/vm/prims/jvm.cpp, line 1254]
Event: 0.079 Thread 0x00007f8e1a801000 Exception <a 'java/security/PrivilegedActionException'> (0x000000076ab58470) thrown at [/HUDSON/workspace/8-2-build-macosx-x86_64/jdk8u20/2381/hotspot/src/share/vm/prims/jvm.cpp, line 1254]
Event: 0.080 Thread 0x00007f8e1a801000 Exception <a 'java/security/PrivilegedActionException'> (0x000000076ab5d078) thrown at [/HUDSON/workspace/8-2-build-macosx-x86_64/jdk8u20/2381/hotspot/src/share/vm/prims/jvm.cpp, line 1254]
Event: 0.087 Thread 0x00007f8e1a801000 Exception <a 'java/security/PrivilegedActionException'> (0x000000076ab64e58) thrown at [/HUDSON/workspace/8-2-build-macosx-x86_64/jdk8u20/2381/hotspot/src/share/vm/prims/jvm.cpp, line 1254]

Events (10 events):
Event: 0.080 loading class gnu/io/UnSupportedLoggerException
Event: 0.080 loading class gnu/io/UnSupportedLoggerException done
Event: 0.080 loading class java/lang/NumberFormatException
Event: 0.080 loading class java/lang/NumberFormatException done
Event: 0.080 loading class java/lang/IndexOutOfBoundsException
Event: 0.080 loading class java/lang/IndexOutOfBoundsException done
Event: 0.087 loading class gnu/io/RXTXPort$MonitorThread
Event: 0.087 loading class gnu/io/RXTXPort$MonitorThread done
Event: 0.088 Thread 0x00007f8e1c0c0000 Thread added: 0x00007f8e1c0c0000
Event: 1.141 Thread 0x00007f8e1c0c0000 Thread exited: 0x00007f8e1c0c0000


Dynamic libraries:
0x000000000bf2b000 	/System/Library/Frameworks/Cocoa.framework/Versions/A/Cocoa
0x000000000bf2b000 	/System/Library/Frameworks/Security.framework/Versions/A/Security
0x000000000bf2b000 	/System/Library/Frameworks/ApplicationServices.framework/Versions/A/ApplicationServices
0x000000000bf2b000 	/usr/lib/libz.1.dylib
0x000000000bf2b000 	/usr/lib/libSystem.B.dylib
0x000000000bf2b000 	/usr/lib/libobjc.A.dylib
0x000000000bf2b000 	/System/Library/Frameworks/CoreFoundation.framework/Versions/A/CoreFoundation
0x000000000bf2b000 	/System/Library/Frameworks/Foundation.framework/Versions/C/Foundation
0x000000000bf2b000 	/System/Library/Frameworks/AppKit.framework/Versions/C/AppKit
0x000000000bf2b000 	/System/Library/Frameworks/CoreData.framework/Versions/A/CoreData
0x000000000bf2b000 	/System/Library/PrivateFrameworks/RemoteViewServices.framework/Versions/A/RemoteViewServices
0x000000000bf2b000 	/System/Library/PrivateFrameworks/UIFoundation.framework/Versions/A/UIFoundation
0x000000000bf2b000 	/System/Library/Frameworks/IOSurface.framework/Versions/A/IOSurface
0x000000000bf2b000 	/System/Library/Frameworks/AudioToolbox.framework/Versions/A/AudioToolbox
0x000000000bf2b000 	/System/Library/Frameworks/AudioUnit.framework/Versions/A/AudioUnit
0x000000000bf2b000 	/System/Library/PrivateFrameworks/DataDetectorsCore.framework/Versions/A/DataDetectorsCore
0x000000000bf2b000 	/System/Library/PrivateFrameworks/DesktopServicesPriv.framework/Versions/A/DesktopServicesPriv
0x000000000bf2b000 	/System/Library/Frameworks/Carbon.framework/Versions/A/Frameworks/HIToolbox.framework/Versions/A/HIToolbox
0x000000000bf2b000 	/System/Library/Frameworks/QuartzCore.framework/Versions/A/QuartzCore
0x000000000bf2b000 	/System/Library/Frameworks/Carbon.framework/Versions/A/Frameworks/SpeechRecognition.framework/Versions/A/SpeechRecognition
0x000000000bf2b000 	/usr/lib/libauto.dylib
0x000000000bf2b000 	/usr/lib/libicucore.A.dylib
0x000000000bf2b000 	/usr/lib/libxml2.2.dylib
0x000000000bf2b000 	/System/Library/PrivateFrameworks/CoreUI.framework/Versions/A/CoreUI
0x000000000bf2b000 	/System/Library/Frameworks/CoreAudio.framework/Versions/A/CoreAudio
0x000000000bf2b000 	/System/Library/Frameworks/DiskArbitration.framework/Versions/A/DiskArbitration
0x000000000bf2b000 	/usr/lib/liblangid.dylib
0x000000000bf2b000 	/System/Library/PrivateFrameworks/MultitouchSupport.framework/Versions/A/MultitouchSupport
0x000000000bf2b000 	/System/Library/Frameworks/IOKit.framework/Versions/A/IOKit
0x000000000bf2b000 	/usr/lib/libDiagnosticMessagesClient.dylib
0x000000000bf2b000 	/System/Library/Frameworks/CoreServices.framework/Versions/A/CoreServices
0x000000000bf2b000 	/System/Library/PrivateFrameworks/PerformanceAnalysis.framework/Versions/A/PerformanceAnalysis
0x000000000bf2b000 	/System/Library/PrivateFrameworks/GenerationalStorage.framework/Versions/A/GenerationalStorage
0x000000000bf2b000 	/System/Library/Frameworks/OpenGL.framework/Versions/A/OpenGL
0x000000000bf2b000 	/System/Library/PrivateFrameworks/Sharing.framework/Versions/A/Sharing
0x000000000bf2b000 	/System/Library/Frameworks/CoreGraphics.framework/Versions/A/CoreGraphics
0x000000000bf2b000 	/System/Library/Frameworks/CoreText.framework/Versions/A/CoreText
0x000000000bf2b000 	/System/Library/Frameworks/ImageIO.framework/Versions/A/ImageIO
0x000000000bf2b000 	/usr/lib/libextension.dylib
0x000000000bf2b000 	/System/Library/PrivateFrameworks/Backup.framework/Versions/A/Backup
0x000000000bf2b000 	/usr/lib/libarchive.2.dylib
0x000000000bf2b000 	/System/Library/Frameworks/CFNetwork.framework/Versions/A/CFNetwork
0x000000000bf2b000 	/System/Library/Frameworks/SystemConfiguration.framework/Versions/A/SystemConfiguration
0x000000000bf2b000 	/usr/lib/libCRFSuite.dylib
0x000000000bf2b000 	/usr/lib/libc++.1.dylib
0x000000000bf2b000 	/usr/lib/libc++abi.dylib
0x000000000bf2b000 	/usr/lib/system/libcache.dylib
0x000000000bf2b000 	/usr/lib/system/libcommonCrypto.dylib
0x000000000bf2b000 	/usr/lib/system/libcompiler_rt.dylib
0x000000000bf2b000 	/usr/lib/system/libcopyfile.dylib
0x000000000bf2b000 	/usr/lib/system/libcorecrypto.dylib
0x000000000bf2b000 	/usr/lib/system/libdispatch.dylib
0x000000000bf2b000 	/usr/lib/system/libdyld.dylib
0x000000000bf2b000 	/usr/lib/system/libkeymgr.dylib
0x000000000bf2b000 	/usr/lib/system/liblaunch.dylib
0x000000000bf2b000 	/usr/lib/system/libmacho.dylib
0x000000000bf2b000 	/usr/lib/system/libquarantine.dylib
0x000000000bf2b000 	/usr/lib/system/libremovefile.dylib
0x000000000bf2b000 	/usr/lib/system/libsystem_asl.dylib
0x000000000bf2b000 	/usr/lib/system/libsystem_blocks.dylib
0x000000000bf2b000 	/usr/lib/system/libsystem_c.dylib
0x000000000bf2b000 	/usr/lib/system/libsystem_configuration.dylib
0x000000000bf2b000 	/usr/lib/system/libsystem_coreservices.dylib
0x000000000bf2b000 	/usr/lib/system/libsystem_coretls.dylib
0x000000000bf2b000 	/usr/lib/system/libsystem_dnssd.dylib
0x000000000bf2b000 	/usr/lib/system/libsystem_info.dylib
0x000000000bf2b000 	/usr/lib/system/libsystem_kernel.dylib
0x000000000bf2b000 	/usr/lib/system/libsystem_m.dylib
0x000000000bf2b000 	/usr/lib/system/libsystem_malloc.dylib
0x000000000bf2b000 	/usr/lib/system/libsystem_network.dylib
0x000000000bf2b000 	/usr/lib/system/libsystem_networkextension.dylib
0x000000000bf2b000 	/usr/lib/system/libsystem_notify.dylib
0x000000000bf2b000 	/usr/lib/system/libsystem_platform.dylib
0x000000000bf2b000 	/usr/lib/system/libsystem_pthread.dylib
0x000000000bf2b000 	/usr/lib/system/libsystem_sandbox.dylib
0x000000000bf2b000 	/usr/lib/system/libsystem_secinit.dylib
0x000000000bf2b000 	/usr/lib/system/libsystem_stats.dylib
0x000000000bf2b000 	/usr/lib/system/libsystem_trace.dylib
0x000000000bf2b000 	/usr/lib/system/libunc.dylib
0x000000000bf2b000 	/usr/lib/system/libunwind.dylib
0x000000000bf2b000 	/usr/lib/system/libxpc.dylib
0x000000000bf2b000 	/usr/lib/libbz2.1.0.dylib
0x000000000bf2b000 	/usr/lib/liblzma.5.dylib
0x000000000bf2b000 	/usr/lib/libbsm.0.dylib
0x000000000bf2b000 	/usr/lib/libsqlite3.dylib
0x000000000bf2b000 	/usr/lib/system/libkxld.dylib
0x000000000bf2b000 	/usr/lib/libxar.1.dylib
0x000000000bf2b000 	/usr/lib/libpam.2.dylib
0x000000000bf2b000 	/usr/lib/libOpenScriptingUtil.dylib
0x000000000bf2b000 	/System/Library/Frameworks/CoreServices.framework/Versions/A/Frameworks/FSEvents.framework/Versions/A/FSEvents
0x000000000bf2b000 	/System/Library/Frameworks/CoreServices.framework/Versions/A/Frameworks/CarbonCore.framework/Versions/A/CarbonCore
0x000000000bf2b000 	/System/Library/Frameworks/CoreServices.framework/Versions/A/Frameworks/Metadata.framework/Versions/A/Metadata
0x000000000bf2b000 	/System/Library/Frameworks/CoreServices.framework/Versions/A/Frameworks/OSServices.framework/Versions/A/OSServices
0x000000000bf2b000 	/System/Library/Frameworks/CoreServices.framework/Versions/A/Frameworks/SearchKit.framework/Versions/A/SearchKit
0x000000000bf2b000 	/System/Library/Frameworks/CoreServices.framework/Versions/A/Frameworks/AE.framework/Versions/A/AE
0x000000000bf2b000 	/System/Library/Frameworks/CoreServices.framework/Versions/A/Frameworks/LaunchServices.framework/Versions/A/LaunchServices
0x000000000bf2b000 	/System/Library/Frameworks/CoreServices.framework/Versions/A/Frameworks/DictionaryServices.framework/Versions/A/DictionaryServices
0x000000000bf2b000 	/System/Library/Frameworks/NetFS.framework/Versions/A/NetFS
0x000000000bf2b000 	/System/Library/PrivateFrameworks/NetAuth.framework/Versions/A/NetAuth
0x000000000bf2b000 	/System/Library/PrivateFrameworks/login.framework/Versions/A/Frameworks/loginsupport.framework/Versions/A/loginsupport
0x000000000bf2b000 	/System/Library/PrivateFrameworks/TCC.framework/Versions/A/TCC
0x000000000bf2b000 	/usr/lib/libmecabra.dylib
0x000000000bf2b000 	/System/Library/Frameworks/ApplicationServices.framework/Versions/A/Frameworks/ATS.framework/Versions/A/ATS
0x000000000bf2b000 	/System/Library/Frameworks/ApplicationServices.framework/Versions/A/Frameworks/ColorSync.framework/Versions/A/ColorSync
0x000000000bf2b000 	/System/Library/Frameworks/ApplicationServices.framework/Versions/A/Frameworks/HIServices.framework/Versions/A/HIServices
0x000000000bf2b000 	/System/Library/Frameworks/ApplicationServices.framework/Versions/A/Frameworks/LangAnalysis.framework/Versions/A/LangAnalysis
0x000000000bf2b000 	/System/Library/Frameworks/ApplicationServices.framework/Versions/A/Frameworks/PrintCore.framework/Versions/A/PrintCore
0x000000000bf2b000 	/System/Library/Frameworks/ApplicationServices.framework/Versions/A/Frameworks/QD.framework/Versions/A/QD
0x000000000bf2b000 	/System/Library/Frameworks/ApplicationServices.framework/Versions/A/Frameworks/SpeechSynthesis.framework/Versions/A/SpeechSynthesis
0x000000000bf2b000 	/System/Library/Frameworks/Accelerate.framework/Versions/A/Accelerate
0x000000000bf2b000 	/System/Library/Frameworks/Accelerate.framework/Versions/A/Frameworks/vImage.framework/Versions/A/vImage
0x000000000bf2b000 	/System/Library/Frameworks/Accelerate.framework/Versions/A/Frameworks/vecLib.framework/Versions/A/vecLib
0x000000000bf2b000 	/System/Library/Frameworks/Accelerate.framework/Versions/A/Frameworks/vecLib.framework/Versions/A/libvDSP.dylib
0x000000000bf2b000 	/System/Library/Frameworks/Accelerate.framework/Versions/A/Frameworks/vecLib.framework/Versions/A/libvMisc.dylib
0x000000000bf2b000 	/System/Library/Frameworks/Accelerate.framework/Versions/A/Frameworks/vecLib.framework/Versions/A/libLAPACK.dylib
0x000000000bf2b000 	/System/Library/Frameworks/Accelerate.framework/Versions/A/Frameworks/vecLib.framework/Versions/A/libBLAS.dylib
0x000000000bf2b000 	/System/Library/Frameworks/Accelerate.framework/Versions/A/Frameworks/vecLib.framework/Versions/A/libLinearAlgebra.dylib
0x000000000bf2b000 	/System/Library/Frameworks/ApplicationServices.framework/Versions/A/Frameworks/ATS.framework/Versions/A/Resources/libFontParser.dylib
0x000000000bf2b000 	/System/Library/Frameworks/ApplicationServices.framework/Versions/A/Frameworks/ATS.framework/Versions/A/Resources/libFontRegistry.dylib
0x000000000bf2b000 	/System/Library/PrivateFrameworks/AppleVPA.framework/Versions/A/AppleVPA
0x000000000bf2b000 	/System/Library/PrivateFrameworks/AppleJPEG.framework/Versions/A/AppleJPEG
0x000000000bf2b000 	/System/Library/Frameworks/ImageIO.framework/Versions/A/Resources/libJPEG.dylib
0x000000000bf2b000 	/System/Library/Frameworks/ImageIO.framework/Versions/A/Resources/libTIFF.dylib
0x000000000bf2b000 	/System/Library/Frameworks/ImageIO.framework/Versions/A/Resources/libPng.dylib
0x000000000bf2b000 	/System/Library/Frameworks/ImageIO.framework/Versions/A/Resources/libGIF.dylib
0x000000000bf2b000 	/System/Library/Frameworks/ImageIO.framework/Versions/A/Resources/libJP2.dylib
0x000000000bf2b000 	/System/Library/Frameworks/ImageIO.framework/Versions/A/Resources/libRadiance.dylib
0x000000000bf2b000 	/System/Library/Frameworks/CoreVideo.framework/Versions/A/CoreVideo
0x000000000bf2b000 	/System/Library/Frameworks/OpenGL.framework/Versions/A/Libraries/libGLU.dylib
0x000000000bf2b000 	/System/Library/Frameworks/OpenGL.framework/Versions/A/Libraries/libGFXShared.dylib
0x000000000bf2b000 	/System/Library/Frameworks/OpenGL.framework/Versions/A/Libraries/libGL.dylib
0x000000000bf2b000 	/System/Library/Frameworks/OpenGL.framework/Versions/A/Libraries/libGLImage.dylib
0x000000000bf2b000 	/System/Library/Frameworks/OpenGL.framework/Versions/A/Libraries/libCVMSPluginSupport.dylib
0x000000000bf2b000 	/System/Library/Frameworks/OpenGL.framework/Versions/A/Libraries/libCoreVMClient.dylib
0x000000000bf2b000 	/usr/lib/libcups.2.dylib
0x000000000bf2b000 	/System/Library/Frameworks/Kerberos.framework/Versions/A/Kerberos
0x000000000bf2b000 	/System/Library/Frameworks/GSS.framework/Versions/A/GSS
0x000000000bf2b000 	/usr/lib/libresolv.9.dylib
0x000000000bf2b000 	/usr/lib/libiconv.2.dylib
0x000000000bf2b000 	/System/Library/PrivateFrameworks/Heimdal.framework/Versions/A/Heimdal
0x000000000bf2b000 	/usr/lib/libheimdal-asn1.dylib
0x000000000bf2b000 	/System/Library/Frameworks/OpenDirectory.framework/Versions/A/OpenDirectory
0x000000000bf2b000 	/System/Library/PrivateFrameworks/CommonAuth.framework/Versions/A/CommonAuth
0x000000000bf2b000 	/System/Library/Frameworks/OpenDirectory.framework/Versions/A/Frameworks/CFOpenDirectory.framework/Versions/A/CFOpenDirectory
0x000000000bf2b000 	/System/Library/Frameworks/SecurityFoundation.framework/Versions/A/SecurityFoundation
0x000000000bf2b000 	/System/Library/PrivateFrameworks/LanguageModeling.framework/Versions/A/LanguageModeling
0x000000000bf2b000 	/usr/lib/libcmph.dylib
0x000000000bf2b000 	/System/Library/Frameworks/ServiceManagement.framework/Versions/A/ServiceManagement
0x000000000bf2b000 	/usr/lib/libxslt.1.dylib
0x000000000bf2b000 	/System/Library/Frameworks/Carbon.framework/Versions/A/Frameworks/Ink.framework/Versions/A/Ink
0x000000000bf2b000 	/System/Library/Frameworks/QuartzCore.framework/Versions/A/Frameworks/CoreImage.framework/Versions/A/CoreImage
0x000000000bf2b000 	/System/Library/PrivateFrameworks/CrashReporterSupport.framework/Versions/A/CrashReporterSupport
0x000000000bf2b000 	/System/Library/Frameworks/OpenCL.framework/Versions/A/OpenCL
0x000000000bf2b000 	/System/Library/PrivateFrameworks/FaceCore.framework/Versions/A/FaceCore
0x000000000bf2b000 	/System/Library/PrivateFrameworks/Ubiquity.framework/Versions/A/Ubiquity
0x000000000bf2b000 	/System/Library/PrivateFrameworks/IconServices.framework/Versions/A/IconServices
0x000000000bf2b000 	/System/Library/PrivateFrameworks/ChunkingLibrary.framework/Versions/A/ChunkingLibrary
0x000000000bf2b000 	/System/Library/PrivateFrameworks/Apple80211.framework/Versions/A/Apple80211
0x000000000bf2b000 	/System/Library/Frameworks/CoreWLAN.framework/Versions/A/CoreWLAN
0x000000000bf2b000 	/System/Library/Frameworks/IOBluetooth.framework/Versions/A/IOBluetooth
0x000000000bf2b000 	/System/Library/PrivateFrameworks/CoreWiFi.framework/Versions/A/CoreWiFi
0x000000000bf2b000 	/System/Library/Frameworks/CoreBluetooth.framework/Versions/A/CoreBluetooth
0x000000000bf2b000 	/System/Library/PrivateFrameworks/DebugSymbols.framework/Versions/A/DebugSymbols
0x000000000bf2b000 	/System/Library/PrivateFrameworks/CoreSymbolication.framework/Versions/A/CoreSymbolication
0x000000000bf2b000 	/System/Library/PrivateFrameworks/Symbolication.framework/Versions/A/Symbolication
0x000000000bf2b000 	/System/Library/PrivateFrameworks/SpeechRecognitionCore.framework/Versions/A/SpeechRecognitionCore
0x000000010de00000 	/Library/Java/JavaVirtualMachines/jdk1.8.0_20.jdk/Contents/Home/jre/lib/server/libjvm.dylib
0x000000000bf2b000 	/usr/lib/libstdc++.6.dylib
0x000000010cdb3000 	/Library/Java/JavaVirtualMachines/jdk1.8.0_20.jdk/Contents/Home/jre/lib/libverify.dylib
0x000000010cdc1000 	/Library/Java/JavaVirtualMachines/jdk1.8.0_20.jdk/Contents/Home/jre/lib/libjava.dylib
0x000000010ecc8000 	/Library/Java/JavaVirtualMachines/jdk1.8.0_20.jdk/Contents/Home/jre/lib/libzip.dylib
0x000000012a8a3000 	/System/Library/Frameworks/JavaVM.framework/Frameworks/JavaRuntimeSupport.framework/JavaRuntimeSupport
0x000000012a8bb000 	/System/Library/Frameworks/JavaVM.framework/Versions/A/Frameworks/JavaNativeFoundation.framework/Versions/A/JavaNativeFoundation
0x000000012a8d0000 	/System/Library/Frameworks/JavaVM.framework/Versions/A/JavaVM
0x000000000bf2b000 	/System/Library/Frameworks/Carbon.framework/Versions/A/Carbon
0x000000012a8dd000 	/System/Library/PrivateFrameworks/JavaLaunching.framework/Versions/A/JavaLaunching
0x000000000bf2b000 	/System/Library/Frameworks/Carbon.framework/Versions/A/Frameworks/CommonPanels.framework/Versions/A/CommonPanels
0x000000000bf2b000 	/System/Library/Frameworks/Carbon.framework/Versions/A/Frameworks/Help.framework/Versions/A/Help
0x000000000bf2b000 	/System/Library/Frameworks/Carbon.framework/Versions/A/Frameworks/ImageCapture.framework/Versions/A/ImageCapture
0x000000000bf2b000 	/System/Library/Frameworks/Carbon.framework/Versions/A/Frameworks/OpenScripting.framework/Versions/A/OpenScripting
0x000000000bf2b000 	/System/Library/Frameworks/Carbon.framework/Versions/A/Frameworks/Print.framework/Versions/A/Print
0x000000000bf2b000 	/System/Library/Frameworks/Carbon.framework/Versions/A/Frameworks/SecurityHI.framework/Versions/A/SecurityHI
0x000000012c918000 	/Users/folkol/code/slskylten/librxtxSerial.jnilib

VM Arguments:
java_command: Msg
java_class_path (initial): .:RXTXcomm.jar
Launcher Type: SUN_STANDARD

Environment Variables:
JAVA_HOME=/Library/Java/JavaVirtualMachines/jdk1.8.0_20.jdk/Contents/Home
PATH=/opt/local/bin:/opt/local/sbin:/usr/local/bin:/usr/bin/wget:/usr/local/apache-maven/apache-maven-2.2.1/bin/mvn:/usr/local/sbin:/usr/local/bin:/usr/bin:/bin:/usr/sbin:/sbin:/opt/X11/bin:/Users/folkol/bin/scripts:/Users/folkol/bin/polopoly:/Users/folkol/bin:/Applications/JD-GUI.app/Contents/MacOS
SHELL=/usr/local/bin/bash
DISPLAY=/private/tmp/com.apple.launchd.0AztydGQ0b/org.macosforge.xquartz:0

Signal Handlers:
SIGSEGV: [libjvm.dylib+0x56047b], sa_mask[0]=0xfffefeff, sa_flags=0x00000043
SIGBUS: [libjvm.dylib+0x56047b], sa_mask[0]=0xfffefeff, sa_flags=0x00000042
SIGFPE: [libjvm.dylib+0x442f54], sa_mask[0]=0xfffefeff, sa_flags=0x00000042
SIGPIPE: [libjvm.dylib+0x442f54], sa_mask[0]=0xfffefeff, sa_flags=0x00000042
SIGXFSZ: [libjvm.dylib+0x442f54], sa_mask[0]=0xfffefeff, sa_flags=0x00000042
SIGILL: [libjvm.dylib+0x442f54], sa_mask[0]=0xfffefeff, sa_flags=0x00000042
SIGUSR1: SIG_DFL, sa_mask[0]=0x00000000, sa_flags=0x00000000
SIGUSR2: [libjvm.dylib+0x442a72], sa_mask[0]=0x00000000, sa_flags=0x00000042
SIGHUP: [libjvm.dylib+0x440ded], sa_mask[0]=0xfffefeff, sa_flags=0x00000042
SIGINT: [libjvm.dylib+0x440ded], sa_mask[0]=0xfffefeff, sa_flags=0x00000042
SIGTERM: [libjvm.dylib+0x440ded], sa_mask[0]=0xfffefeff, sa_flags=0x00000042
SIGQUIT: [libjvm.dylib+0x440ded], sa_mask[0]=0xfffefeff, sa_flags=0x00000042


---------------  S Y S T E M  ---------------

OS:Bsduname:Darwin 14.3.0 Darwin Kernel Version 14.3.0: Mon Mar 23 11:59:05 PDT 2015; root:xnu-2782.20.48~5/RELEASE_X86_64 x86_64
rlimit: STACK 8192k, CORE 0k, NPROC 709, NOFILE 10240, AS infinity
load average:2.19 2.01 1.98

CPU:total 8 (4 cores per cpu, 2 threads per core) family 6 model 70 stepping 1, cmov, cx8, fxsr, mmx, sse, sse2, sse3, ssse3, sse4.1, sse4.2, popcnt, avx, avx2, aes, clmul, erms, ht, tsc, tscinvbit

Memory: 4k page, physical 16777216k(81936k free)

/proc/meminfo:


vm_info: Java HotSpot(TM) 64-Bit Server VM (25.20-b05) for bsd-amd64 JRE (1.8.0_20-ea-b05), built on Mar 12 2014 02:26:21 by "java_re" with gcc 4.2.1 (Based on Apple Inc. build 5658) (LLVM build 2336.11.00)

time: Wed Jul  8 15:27:42 2015
elapsed time: 1 seconds

